<?xml version="1.0" encoding="UTF-8"?>
<!-- Generated by org.testng.reporters.JUnitXMLReporter -->
<testsuite hostname="Sahils-MacBook.local" name="Surefire test" tests="4" failures="1" timestamp="2 Mar 2020 23:29:52 GMT" time="80.686" errors="0">
  <testcase name="ebay_navigation_valid" time="10.019" classname="Ebay_TestCases.ebay_NavigationTest"/>
  <testcase name="Search_Ebay" time="45.828" classname="Ebay_TestCases.ebay_NavigationTest">
    <failure type="java.lang.AssertionError">
      <![CDATA[java.lang.AssertionError
	at org.junit.Assert.fail(Assert.java:92)
	at org.junit.Assert.assertTrue(Assert.java:43)
	at org.junit.Assert.assertTrue(Assert.java:54)
	at Ebay_TestCases.ebay_NavigationTest.Search_Ebay(ebay_NavigationTest.java:115)
	at org.apache.maven.surefire.testng.TestNGExecutor.run(TestNGExecutor.java:135)
	at org.apache.maven.surefire.testng.TestNGDirectoryTestSuite.executeMulti(TestNGDirectoryTestSuite.java:193)
	at org.apache.maven.surefire.testng.TestNGDirectoryTestSuite.execute(TestNGDirectoryTestSuite.java:94)
	at org.apache.maven.surefire.testng.TestNGProvider.invoke(TestNGProvider.java:146)
	at org.apache.maven.surefire.booter.ForkedBooter.runSuitesInProcess(ForkedBooter.java:377)
	at org.apache.maven.surefire.booter.ForkedBooter.execute(ForkedBooter.java:138)
	at org.apache.maven.surefire.booter.ForkedBooter.run(ForkedBooter.java:465)
	at org.apache.maven.surefire.booter.ForkedBooter.main(ForkedBooter.java:451)
... Removed 21 stack frames]]>
    </failure>
  </testcase> <!-- Search_Ebay -->
  <testcase name="first5productswithprices" time="0.162" classname="Ebay_TestCases.ebay_NavigationTest"/>
  <testcase name="Order_print_products_byprice_descendant" time="9.488" classname="Ebay_TestCases.ebay_NavigationTest"/>
</testsuite> <!-- Surefire test -->
