<?xml version="1.0" encoding="UTF-8"?>
<!-- Generated by org.testng.reporters.JUnitXMLReporter -->
<testsuite hostname="Sahils-MacBook.local" name="Test" tests="2" failures="1" timestamp="2 Mar 2020 04:47:02 GMT" time="67.895" errors="0">
  <testcase name="ebay_navigation_valid" time="10.025" classname="Ebay_TestCases.ebay_Navigation_test"/>
  <testcase name="Search_Ebay" time="47.054" classname="Ebay_TestCases.ebay_Navigation_test">
    <failure type="org.openqa.selenium.NoSuchElementException" message="no such element: Unable to locate element: {&amp;quot;method&amp;quot;:&amp;quot;xpath&amp;quot;,&amp;quot;selector&amp;quot;:&amp;quot;//button[@id=&amp;apos;w23-button&amp;apos;][@class=&amp;apos;fake-menu-button__button expand-btn expand-btn--small expand-btn--secondary&amp;apos;]&amp;quot;}
  (Session info: chrome=80.0.3987.122)
For documentation on this error, please visit: https://selenium.dev/exceptions/#no_such_element
Build info: version: &amp;apos;4.0.0-alpha-4&amp;apos;, revision: &amp;apos;c2d955b49e&amp;apos;
System info: host: &amp;apos;Sahils-MacBook.local&amp;apos;, ip: &amp;apos;fe80:0:0:0:b6:bab4:fc5c:7582%en0&amp;apos;, os.name: &amp;apos;Mac OS X&amp;apos;, os.arch: &amp;apos;x86_64&amp;apos;, os.version: &amp;apos;10.13.6&amp;apos;, java.version: &amp;apos;1.8.0_241&amp;apos;
Driver info: org.openqa.selenium.chrome.ChromeDriver
Capabilities {acceptInsecureCerts: false, browserName: chrome, browserVersion: 80.0.3987.122, chrome: {chromedriverVersion: 80.0.3987.16 (320f6526c1632..., userDataDir: /var/folders/ph/x_0_wbsd6tn...}, goog:chromeOptions: {debuggerAddress: localhost:64638}, javascriptEnabled: true, networkConnectionEnabled: false, pageLoadStrategy: normal, platform: MAC, platformName: MAC, proxy: Proxy(), setWindowRect: true, strictFileInteractability: false, timeouts: {implicit: 0, pageLoad: 300000, script: 30000}, unhandledPromptBehavior: dismiss and notify}
Session ID: 2c46ac9f50fa12bf00b1a6afd0b66533
*** Element info: {Using=xpath, value=//button[@id=&amp;apos;w23-button&amp;apos;][@class=&amp;apos;fake-menu-button__button expand-btn expand-btn--small expand-btn--secondary&amp;apos;]}">
      <![CDATA[org.openqa.selenium.NoSuchElementException: no such element: Unable to locate element: {"method":"xpath","selector":"//button[@id='w23-button'][@class='fake-menu-button__button expand-btn expand-btn--small expand-btn--secondary']"}
  (Session info: chrome=80.0.3987.122)
For documentation on this error, please visit: https://selenium.dev/exceptions/#no_such_element
Build info: version: '4.0.0-alpha-4', revision: 'c2d955b49e'
System info: host: 'Sahils-MacBook.local', ip: 'fe80:0:0:0:b6:bab4:fc5c:7582%en0', os.name: 'Mac OS X', os.arch: 'x86_64', os.version: '10.13.6', java.version: '1.8.0_241'
Driver info: org.openqa.selenium.chrome.ChromeDriver
Capabilities {acceptInsecureCerts: false, browserName: chrome, browserVersion: 80.0.3987.122, chrome: {chromedriverVersion: 80.0.3987.16 (320f6526c1632..., userDataDir: /var/folders/ph/x_0_wbsd6tn...}, goog:chromeOptions: {debuggerAddress: localhost:64638}, javascriptEnabled: true, networkConnectionEnabled: false, pageLoadStrategy: normal, platform: MAC, platformName: MAC, proxy: Proxy(), setWindowRect: true, strictFileInteractability: false, timeouts: {implicit: 0, pageLoad: 300000, script: 30000}, unhandledPromptBehavior: dismiss and notify}
Session ID: 2c46ac9f50fa12bf00b1a6afd0b66533
*** Element info: {Using=xpath, value=//button[@id='w23-button'][@class='fake-menu-button__button expand-btn expand-btn--small expand-btn--secondary']}
	at org.openqa.selenium.remote.codec.w3c.W3CHttpResponseCodec.createException(W3CHttpResponseCodec.java:196)
	at org.openqa.selenium.remote.codec.w3c.W3CHttpResponseCodec.decode(W3CHttpResponseCodec.java:129)
	at org.openqa.selenium.remote.codec.w3c.W3CHttpResponseCodec.decode(W3CHttpResponseCodec.java:53)
	at org.openqa.selenium.remote.HttpCommandExecutor.execute(HttpCommandExecutor.java:161)
	at org.openqa.selenium.remote.service.DriverCommandExecutor.execute(DriverCommandExecutor.java:83)
	at org.openqa.selenium.remote.RemoteWebDriver.execute(RemoteWebDriver.java:582)
	at org.openqa.selenium.remote.RemoteWebDriver.findElement(RemoteWebDriver.java:333)
	at org.openqa.selenium.remote.RemoteWebDriver.findElementByXPath(RemoteWebDriver.java:451)
	at org.openqa.selenium.By$ByXPath.findElement(By.java:394)
	at org.openqa.selenium.remote.RemoteWebDriver.findElement(RemoteWebDriver.java:325)
	at Ebay_Pages.Shoe_Searchpage.getfilter_dropdown(Shoe_Searchpage.java:47)
	at Ebay_TestCases.ebay_Navigation_test.Search_Ebay(ebay_Navigation_test.java:75)
... Removed 28 stack frames]]>
    </failure>
  </testcase> <!-- Search_Ebay -->
</testsuite> <!-- Test -->
