<?xml version="1.0" encoding="UTF-8"?>
<testng-results skipped="0" failed="1" total="4" passed="3">
  <reporter-output>
  </reporter-output>
  <suite name="Surefire suite" duration-ms="80686" started-at="2020-03-02T23:28:31Z" finished-at="2020-03-02T23:29:51Z">
    <groups>
    </groups>
    <test name="Surefire test" duration-ms="80686" started-at="2020-03-02T23:28:31Z" finished-at="2020-03-02T23:29:51Z">
      <class name="Ebay_TestCases.ebay_NavigationTest">
        <test-method status="PASS" signature="SetupSuite()[pri:0, instance:Ebay_TestCases.ebay_NavigationTest@59e84876]" name="SetupSuite" is-config="true" duration-ms="228" started-at="2020-03-02T18:28:31Z" finished-at="2020-03-02T18:28:31Z">
          <reporter-output>
          </reporter-output>
        </test-method> <!-- SetupSuite -->
        <test-method status="PASS" signature="setuptest()[pri:0, instance:Ebay_TestCases.ebay_NavigationTest@59e84876]" name="setuptest" is-config="true" duration-ms="10243" started-at="2020-03-02T18:28:31Z" finished-at="2020-03-02T18:28:41Z">
          <reporter-output>
          </reporter-output>
        </test-method> <!-- setuptest -->
        <test-method status="PASS" signature="ebay_navigation_valid()[pri:0, instance:Ebay_TestCases.ebay_NavigationTest@59e84876]" name="ebay_navigation_valid" duration-ms="10019" started-at="2020-03-02T18:28:41Z" finished-at="2020-03-02T18:28:51Z">
          <reporter-output>
          </reporter-output>
        </test-method> <!-- ebay_navigation_valid -->
        <test-method status="PASS" signature="teardownmethod(org.testng.ITestResult)[pri:0, instance:Ebay_TestCases.ebay_NavigationTest@59e84876]" name="teardownmethod" is-config="true" duration-ms="1362" started-at="2020-03-02T18:28:51Z" finished-at="2020-03-02T18:28:52Z">
          <params>
            <param index="0">
              <value>
                <![CDATA[[TestResult name=ebay_navigation_valid status=SUCCESS method=ebay_NavigationTest.ebay_navigation_valid()[pri:0, instance:Ebay_TestCases.ebay_NavigationTest@59e84876] output={null}]]]>
              </value>
            </param>
          </params>
          <reporter-output>
          </reporter-output>
        </test-method> <!-- teardownmethod -->
        <test-method status="FAIL" signature="Search_Ebay()[pri:0, instance:Ebay_TestCases.ebay_NavigationTest@59e84876]" name="Search_Ebay" duration-ms="45828" started-at="2020-03-02T18:28:52Z" finished-at="2020-03-02T18:29:38Z">
          <exception class="java.lang.AssertionError">
            <full-stacktrace>
              <![CDATA[java.lang.AssertionError
	at org.junit.Assert.fail(Assert.java:92)
	at org.junit.Assert.assertTrue(Assert.java:43)
	at org.junit.Assert.assertTrue(Assert.java:54)
	at Ebay_TestCases.ebay_NavigationTest.Search_Ebay(ebay_NavigationTest.java:115)
	at sun.reflect.NativeMethodAccessorImpl.invoke0(Native Method)
	at sun.reflect.NativeMethodAccessorImpl.invoke(NativeMethodAccessorImpl.java:62)
	at sun.reflect.DelegatingMethodAccessorImpl.invoke(DelegatingMethodAccessorImpl.java:43)
	at java.lang.reflect.Method.invoke(Method.java:498)
	at org.testng.internal.MethodInvocationHelper.invokeMethod(MethodInvocationHelper.java:80)
	at org.testng.internal.Invoker.invokeMethod(Invoker.java:714)
	at org.testng.internal.Invoker.invokeTestMethod(Invoker.java:901)
	at org.testng.internal.Invoker.invokeTestMethods(Invoker.java:1231)
	at org.testng.internal.TestMethodWorker.invokeTestMethods(TestMethodWorker.java:127)
	at org.testng.internal.TestMethodWorker.run(TestMethodWorker.java:111)
	at org.testng.TestRunner.privateRun(TestRunner.java:767)
	at org.testng.TestRunner.run(TestRunner.java:617)
	at org.testng.SuiteRunner.runTest(SuiteRunner.java:334)
	at org.testng.SuiteRunner.runSequentially(SuiteRunner.java:329)
	at org.testng.SuiteRunner.privateRun(SuiteRunner.java:291)
	at org.testng.SuiteRunner.run(SuiteRunner.java:240)
	at org.testng.SuiteRunnerWorker.runSuite(SuiteRunnerWorker.java:52)
	at org.testng.SuiteRunnerWorker.run(SuiteRunnerWorker.java:86)
	at org.testng.TestNG.runSuitesSequentially(TestNG.java:1198)
	at org.testng.TestNG.runSuitesLocally(TestNG.java:1123)
	at org.testng.TestNG.run(TestNG.java:1031)
	at org.apache.maven.surefire.testng.TestNGExecutor.run(TestNGExecutor.java:135)
	at org.apache.maven.surefire.testng.TestNGDirectoryTestSuite.executeMulti(TestNGDirectoryTestSuite.java:193)
	at org.apache.maven.surefire.testng.TestNGDirectoryTestSuite.execute(TestNGDirectoryTestSuite.java:94)
	at org.apache.maven.surefire.testng.TestNGProvider.invoke(TestNGProvider.java:146)
	at org.apache.maven.surefire.booter.ForkedBooter.runSuitesInProcess(ForkedBooter.java:377)
	at org.apache.maven.surefire.booter.ForkedBooter.execute(ForkedBooter.java:138)
	at org.apache.maven.surefire.booter.ForkedBooter.run(ForkedBooter.java:465)
	at org.apache.maven.surefire.booter.ForkedBooter.main(ForkedBooter.java:451)
]]>
            </full-stacktrace>
          </exception> <!-- java.lang.AssertionError -->
          <reporter-output>
          </reporter-output>
        </test-method> <!-- Search_Ebay -->
        <test-method status="PASS" signature="teardownmethod(org.testng.ITestResult)[pri:0, instance:Ebay_TestCases.ebay_NavigationTest@59e84876]" name="teardownmethod" is-config="true" duration-ms="961" started-at="2020-03-02T18:29:38Z" finished-at="2020-03-02T18:29:39Z">
          <params>
            <param index="0">
              <value>
                <![CDATA[[TestResult name=Search_Ebay status=FAILURE method=ebay_NavigationTest.Search_Ebay()[pri:0, instance:Ebay_TestCases.ebay_NavigationTest@59e84876] output={null}]]]>
              </value>
            </param>
          </params>
          <reporter-output>
          </reporter-output>
        </test-method> <!-- teardownmethod -->
        <test-method status="PASS" signature="first5productswithprices()[pri:0, instance:Ebay_TestCases.ebay_NavigationTest@59e84876]" name="first5productswithprices" duration-ms="162" started-at="2020-03-02T18:29:39Z" finished-at="2020-03-02T18:29:39Z">
          <reporter-output>
          </reporter-output>
        </test-method> <!-- first5productswithprices -->
        <test-method status="PASS" signature="teardownmethod(org.testng.ITestResult)[pri:0, instance:Ebay_TestCases.ebay_NavigationTest@59e84876]" name="teardownmethod" is-config="true" duration-ms="951" started-at="2020-03-02T18:29:39Z" finished-at="2020-03-02T18:29:40Z">
          <params>
            <param index="0">
              <value>
                <![CDATA[[TestResult name=first5productswithprices status=SUCCESS method=ebay_NavigationTest.first5productswithprices()[pri:0, instance:Ebay_TestCases.ebay_NavigationTest@59e84876] output={null}]]]>
              </value>
            </param>
          </params>
          <reporter-output>
          </reporter-output>
        </test-method> <!-- teardownmethod -->
        <test-method status="PASS" signature="Order_print_products_byprice_descendant()[pri:0, instance:Ebay_TestCases.ebay_NavigationTest@59e84876]" name="Order_print_products_byprice_descendant" duration-ms="9488" started-at="2020-03-02T18:29:40Z" finished-at="2020-03-02T18:29:50Z">
          <reporter-output>
          </reporter-output>
        </test-method> <!-- Order_print_products_byprice_descendant -->
        <test-method status="PASS" signature="teardownmethod(org.testng.ITestResult)[pri:0, instance:Ebay_TestCases.ebay_NavigationTest@59e84876]" name="teardownmethod" is-config="true" duration-ms="1188" started-at="2020-03-02T18:29:50Z" finished-at="2020-03-02T18:29:51Z">
          <params>
            <param index="0">
              <value>
                <![CDATA[[TestResult name=Order_print_products_byprice_descendant status=SUCCESS method=ebay_NavigationTest.Order_print_products_byprice_descendant()[pri:0, instance:Ebay_TestCases.ebay_NavigationTest@59e84876] output={null}]]]>
              </value>
            </param>
          </params>
          <reporter-output>
          </reporter-output>
        </test-method> <!-- teardownmethod -->
        <test-method status="PASS" signature="quitbrowser()[pri:0, instance:Ebay_TestCases.ebay_NavigationTest@59e84876]" name="quitbrowser" is-config="true" duration-ms="465" started-at="2020-03-02T18:29:51Z" finished-at="2020-03-02T18:29:51Z">
          <reporter-output>
          </reporter-output>
        </test-method> <!-- quitbrowser -->
      </class> <!-- Ebay_TestCases.ebay_NavigationTest -->
    </test> <!-- Surefire test -->
  </suite> <!-- Surefire suite -->
</testng-results>
